<?xml version="1.0" encoding="UTF-8"?>
<!-- Generated by org.testng.reporters.JUnitXMLReporter -->
<<<<<<< HEAD
<testsuite ignored="0" hostname="5CD3441DMK" failures="1" tests="3" name="Error Validations Test" time="46.413" errors="0" timestamp="2025-08-01T23:22:39 IST">
  <testcase classname="javaseleniumlearning.tests.ErrorValidationsTest" name="LoginErrorValidation" time="1.313">
=======
<testsuite ignored="0" hostname="DESKTOP-RGBVQCA" failures="1" tests="3" name="Error Validations Test" time="24.931" errors="0" timestamp="2025-06-26T12:35:44 IST">
  <testcase classname="javaseleniumlearning.tests.ErrorValidationsTest" name="LoginErrorValidation" time="0.741">
>>>>>>> branch 'master' of https://github.com/allan-thomas/seleniumframeworkdesign.git
    <failure type="java.lang.AssertionError" message="expected [Incorrect email password.] but found [Incorrect email or password.]">
      <![CDATA[java.lang.AssertionError: expected [Incorrect email password.] but found [Incorrect email or password.]
at javaseleniumlearning.tests.ErrorValidationsTest.LoginErrorValidation(ErrorValidationsTest.java:28)
at java.base/java.util.ArrayList.forEach(ArrayList.java:1596)
at java.base/java.util.concurrent.FutureTask.run(FutureTask.java:317)
at java.base/java.util.concurrent.ThreadPoolExecutor.runWorker(ThreadPoolExecutor.java:1144)
at java.base/java.util.concurrent.ThreadPoolExecutor$Worker.run(ThreadPoolExecutor.java:642)
at java.base/java.lang.Thread.run(Thread.java:1583)
... Removed 21 stack frames]]>
    </failure>
  </testcase> <!-- LoginErrorValidation -->
<<<<<<< HEAD
  <testcase classname="javaseleniumlearning.tests.ErrorValidationsTest" name="ProductErrorValidation" time="15.009">
=======
  <testcase classname="javaseleniumlearning.tests.ErrorValidationsTest" name="ProductErrorValidation" time="1.725">
>>>>>>> branch 'master' of https://github.com/allan-thomas/seleniumframeworkdesign.git
    <skipped/>
  </testcase> <!-- ProductErrorValidation -->
<<<<<<< HEAD
  <testcase classname="javaseleniumlearning.tests.ErrorValidationsTest" name="ProductErrorValidation" time="4.367"/>
=======
  <testcase classname="javaseleniumlearning.tests.ErrorValidationsTest" name="ProductErrorValidation" time="8.472"/>
>>>>>>> branch 'master' of https://github.com/allan-thomas/seleniumframeworkdesign.git
</testsuite> <!-- Error Validations Test -->
