<?xml version="1.0" encoding="UTF-8"?>
<!-- Generated by org.testng.reporters.JUnitReportReporter -->
<testsuite hostname="DESKTOP-RGBVQCA" failures="1" tests="2" name="cucumber.TestNGTestRunner" time="15.399" errors="0" timestamp="2025-08-10T12:12:55 IST" skipped="0">
  <testcase classname="cucumber.TestNGTestRunner" name="runScenario" time="3.586">
    <failure message="expected [Incorrect email password.] but found [Incorrect email or password.]" type="java.lang.AssertionError">
      <![CDATA[java.lang.AssertionError: expected [Incorrect email password.] but found [Incorrect email or password.]
at org.testng.Assert.fail(Assert.java:111)
at org.testng.Assert.failNotEquals(Assert.java:1590)
at org.testng.Assert.assertEqualsImpl(Assert.java:150)
at org.testng.Assert.assertEquals(Assert.java:132)
at org.testng.Assert.assertEquals(Assert.java:656)
at org.testng.Assert.assertEquals(Assert.java:666)
at javaseleniumlearning.stepDefinitions.StepDefinitionImpl.message_is_displayed_on_landingpage(StepDefinitionImpl.java:67)
at âœ½."Incorrect email password." message is displayed on Landingpage(file:///C:/Users/allan/eclipse-workspace/SeleniumFrameworkDesign/src/test/java/cucumber/ErrorValidationsTest.feature:9)
]]>
    </failure>
  </testcase> <!-- runScenario -->
  <testcase classname="cucumber.TestNGTestRunner" name="runScenario" time="11.813"/>
</testsuite> <!-- cucumber.TestNGTestRunner -->
